Start testing: Sep 06 01:15 UTC
----------------------------------------------------------
1/5 Testing: Student JSON serialization
1/5 Test: Student JSON serialization
Command: "/workspaces/CS-310/Lab1.2/build/tests" "Student JSON serialization"
Directory: /workspaces/CS-310/Lab1.2/build
"Student JSON serialization" start time: Sep 06 01:15 UTC
Output:
----------------------------------------------------------
Filters: "Student JSON serialization"
Randomness seeded to: 2140664283
===============================================================================
All tests passed (3 assertions in 1 test case)

<end of output>
Test time =   0.00 sec
----------------------------------------------------------
Test Passed.
"Student JSON serialization" end time: Sep 06 01:15 UTC
"Student JSON serialization" time elapsed: 00:00:00
----------------------------------------------------------

2/5 Testing: Instructor YAML serialization
2/5 Test: Instructor YAML serialization
Command: "/workspaces/CS-310/Lab1.2/build/tests" "Instructor YAML serialization"
Directory: /workspaces/CS-310/Lab1.2/build
"Instructor YAML serialization" start time: Sep 06 01:15 UTC
Output:
----------------------------------------------------------
Filters: "Instructor YAML serialization"
Randomness seeded to: 1895060646
===============================================================================
All tests passed (2 assertions in 1 test case)

<end of output>
Test time =   0.00 sec
----------------------------------------------------------
Test Passed.
"Instructor YAML serialization" end time: Sep 06 01:15 UTC
"Instructor YAML serialization" time elapsed: 00:00:00
----------------------------------------------------------

3/5 Testing: CSV escaping handles commas and quotes
3/5 Test: CSV escaping handles commas and quotes
Command: "/workspaces/CS-310/Lab1.2/build/tests" "CSV escaping handles commas and quotes"
Directory: /workspaces/CS-310/Lab1.2/build
"CSV escaping handles commas and quotes" start time: Sep 06 01:15 UTC
Output:
----------------------------------------------------------
Filters: "CSV escaping handles commas and quotes"
Randomness seeded to: 2096385780
===============================================================================
All tests passed (1 assertion in 1 test case)

<end of output>
Test time =   0.00 sec
----------------------------------------------------------
Test Passed.
"CSV escaping handles commas and quotes" end time: Sep 06 01:15 UTC
"CSV escaping handles commas and quotes" time elapsed: 00:00:00
----------------------------------------------------------

4/5 Testing: Validation throws on bad email
4/5 Test: Validation throws on bad email
Command: "/workspaces/CS-310/Lab1.2/build/tests" "Validation throws on bad email"
Directory: /workspaces/CS-310/Lab1.2/build
"Validation throws on bad email" start time: Sep 06 01:15 UTC
Output:
----------------------------------------------------------
Filters: "Validation throws on bad email"
Randomness seeded to: 4093022128
===============================================================================
All tests passed (1 assertion in 1 test case)

<end of output>
Test time =   0.01 sec
----------------------------------------------------------
Test Passed.
"Validation throws on bad email" end time: Sep 06 01:15 UTC
"Validation throws on bad email" time elapsed: 00:00:00
----------------------------------------------------------

5/5 Testing: run_tests
5/5 Test: run_tests
Command: "/workspaces/CS-310/Lab1.2/build/tests"
Directory: /workspaces/CS-310/Lab1.2/build
"run_tests" start time: Sep 06 01:15 UTC
Output:
----------------------------------------------------------
Randomness seeded to: 2315510734
===============================================================================
All tests passed (7 assertions in 4 test cases)

<end of output>
Test time =   0.00 sec
----------------------------------------------------------
Test Passed.
"run_tests" end time: Sep 06 01:15 UTC
"run_tests" time elapsed: 00:00:00
----------------------------------------------------------

End testing: Sep 06 01:15 UTC
